<?xml version="1.0" encoding="utf-8"?>
<coverage line-rate="0.8941" branch-rate="0.7603" version="1.9" timestamp="1770807356" lines-covered="887" lines-valid="992" branches-covered="349" branches-valid="459">
  <sources>
    <source>/home/runner/work/ProjectWAR/ProjectWAR/src/RpcSourceGenerator/</source>
  </sources>
  <packages>
    <package name="RpcSourceGenerator" line-rate="0.8941" branch-rate="0.7603" complexity="480">
      <classes>
        <class name="FrameWork.NetWork.SourceGenerators.PacketSerializerGenerator" filename="PacketSerializerGenerator.cs" line-rate="0.8464" branch-rate="0.6890999999999999" complexity="297">
          <methods>
            <method name="Initialize" signature="(Microsoft.CodeAnalysis.IncrementalGeneratorInitializationContext)" line-rate="1" branch-rate="1" complexity="2">
              <lines>
                <line number="24" hits="10" branch="False" />
                <line number="26" hits="10" branch="False" />
                <line number="27" hits="10" branch="False" />
                <line number="28" hits="1010" branch="True" condition-coverage="100% (2/2)">
                  <conditions>
                    <condition number="8" type="jump" coverage="100%" />
                  </conditions>
                </line>
                <line number="29" hits="30" branch="False" />
                <line number="30" hits="40" branch="False" />
                <line number="33" hits="10" branch="False" />
                <line number="36" hits="20" branch="False" />
                <line number="37" hits="10" branch="False" />
              </lines>
            </method>
            <method name="GetContextClassOrNull" signature="(Microsoft.CodeAnalysis.GeneratorSyntaxContext)" line-rate="0.9166" branch-rate="0.5714" complexity="14">
              <lines>
                <line number="40" hits="30" branch="False" />
                <line number="41" hits="30" branch="False" />
                <line number="44" hits="30" branch="True" condition-coverage="100% (2/2)">
                  <conditions>
                    <condition number="35" type="jump" coverage="100%" />
                  </conditions>
                </line>
                <line number="45" hits="21" branch="False" />
                <line number="48" hits="9" branch="False" />
                <line number="49" hits="9" branch="True" condition-coverage="50% (1/2)">
                  <conditions>
                    <condition number="74" type="jump" coverage="50%" />
                  </conditions>
                </line>
                <line number="50" hits="0" branch="False" />
                <line number="52" hits="9" branch="False" />
                <line number="53" hits="18" branch="True" condition-coverage="50% (4/8)">
                  <conditions>
                    <condition number="7" type="jump" coverage="50%" />
                    <condition number="28" type="jump" coverage="50%" />
                    <condition number="37" type="jump" coverage="50%" />
                    <condition number="49" type="jump" coverage="50%" />
                  </conditions>
                </line>
                <line number="54" hits="18" branch="False" />
                <line number="56" hits="9" branch="True" condition-coverage="50% (1/2)">
                  <conditions>
                    <condition number="125" type="jump" coverage="50%" />
                  </conditions>
                </line>
                <line number="57" hits="30" branch="False" />
              </lines>
            </method>
            <method name="Execute" signature="(Microsoft.CodeAnalysis.Compilation,System.Collections.Immutable.ImmutableArray`1&lt;Microsoft.CodeAnalysis.CSharp.Syntax.ClassDeclarationSyntax&gt;,Microsoft.CodeAnalysis.SourceProductionContext)" line-rate="0.909" branch-rate="0.909" complexity="22">
              <lines>
                <line number="60" hits="10" branch="False" />
                <line number="61" hits="10" branch="True" condition-coverage="100% (2/2)">
                  <conditions>
                    <condition number="10" type="jump" coverage="100%" />
                  </conditions>
                </line>
                <line number="62" hits="1" branch="False" />
                <line number="64" hits="45" branch="True" condition-coverage="100% (2/2)">
                  <conditions>
                    <condition number="378" type="jump" coverage="100%" />
                  </conditions>
                </line>
                <line number="65" hits="9" branch="False" />
                <line number="66" hits="9" branch="True" condition-coverage="100% (2/2)">
                  <conditions>
                    <condition number="48" type="jump" coverage="100%" />
                  </conditions>
                </line>
                <line number="67" hits="0" branch="False" />
                <line number="69" hits="9" branch="False" />
                <line number="70" hits="9" branch="False" />
                <line number="71" hits="9" branch="True" condition-coverage="100% (2/2)">
                  <conditions>
                    <condition number="97" type="jump" coverage="100%" />
                  </conditions>
                </line>
                <line number="72" hits="0" branch="False" />
                <line number="75" hits="9" branch="False" />
                <line number="76" hits="18" branch="True" condition-coverage="50% (1/2)">
                  <conditions>
                    <condition number="7" type="jump" coverage="50%" />
                  </conditions>
                </line>
                <line number="78" hits="9" branch="True" condition-coverage="75% (3/4)">
                  <conditions>
                    <condition number="151" type="jump" coverage="50%" />
                    <condition number="176" type="jump" coverage="100%" />
                  </conditions>
                </line>
                <line number="79" hits="0" branch="False" />
                <line number="81" hits="9" branch="False" />
                <line number="84" hits="9" branch="False" />
                <line number="85" hits="9" branch="True" condition-coverage="100% (2/2)">
                  <conditions>
                    <condition number="223" type="jump" coverage="100%" />
                  </conditions>
                </line>
                <line number="86" hits="9" branch="False" />
                <line number="87" hits="47" branch="True" condition-coverage="100% (2/2)">
                  <conditions>
                    <condition number="300" type="jump" coverage="100%" />
                  </conditions>
                </line>
                <line number="88" hits="10" branch="False" />
                <line number="89" hits="10" branch="True" condition-coverage="100% (2/2)">
                  <conditions>
                    <condition number="280" type="jump" coverage="100%" />
                  </conditions>
                </line>
                <line number="90" hits="10" branch="False" />
                <line number="91" hits="10" branch="False" />
                <line number="92" hits="9" branch="False" />
                <line number="94" hits="9" branch="True" condition-coverage="100% (2/2)">
                  <conditions>
                    <condition number="317" type="jump" coverage="100%" />
                  </conditions>
                </line>
                <line number="95" hits="9" branch="False" />
                <line number="97" hits="9" branch="False" />
                <line number="98" hits="9" branch="False" />
                <line number="99" hits="9" branch="False" />
                <line number="100" hits="9" branch="False" />
                <line number="101" hits="9" branch="False" />
                <line number="102" hits="10" branch="False" />
              </lines>
            </method>
            <method name="DiscoverAllTypes" signature="(System.Collections.Generic.List`1&lt;Microsoft.CodeAnalysis.INamedTypeSymbol&gt;)" line-rate="0.975" branch-rate="0.9166" complexity="24">
              <lines>
                <line number="105" hits="9" branch="False" />
                <line number="106" hits="9" branch="False" />
                <line number="107" hits="9" branch="False" />
                <line number="108" hits="9" branch="False" />
                <line number="110" hits="22" branch="True" condition-coverage="100% (2/2)">
                  <conditions>
                    <condition number="360" type="jump" coverage="100%" />
                  </conditions>
                </line>
                <line number="111" hits="13" branch="False" />
                <line number="112" hits="13" branch="False" />
                <line number="115" hits="13" branch="True" condition-coverage="100% (2/2)">
                  <conditions>
                    <condition number="52" type="jump" coverage="100%" />
                  </conditions>
                </line>
                <line number="116" hits="0" branch="False" />
                <line number="118" hits="13" branch="False" />
                <line number="121" hits="13" branch="False" />
                <line number="122" hits="25" branch="True" condition-coverage="50% (2/4)">
                  <conditions>
                    <condition number="7" type="jump" coverage="50%" />
                    <condition number="15" type="jump" coverage="50%" />
                  </conditions>
                </line>
                <line number="123" hits="25" branch="False" />
                <line number="124" hits="13" branch="False" />
                <line number="126" hits="89" branch="True" condition-coverage="100% (2/2)">
                  <conditions>
                    <condition number="324" type="jump" coverage="100%" />
                  </conditions>
                </line>
                <line number="127" hits="25" branch="False" />
                <line number="128" hits="25" branch="False" />
                <line number="131" hits="25" branch="True" condition-coverage="100% (4/4)">
                  <conditions>
                    <condition number="170" type="jump" coverage="100%" />
                    <condition number="186" type="jump" coverage="100%" />
                  </conditions>
                </line>
                <line number="132" hits="3" branch="False" />
                <line number="133" hits="3" branch="False" />
                <line number="134" hits="3" branch="True" condition-coverage="100% (2/2)">
                  <conditions>
                    <condition number="213" type="jump" coverage="100%" />
                  </conditions>
                </line>
                <line number="135" hits="1" branch="False" />
                <line number="136" hits="1" branch="False" />
                <line number="137" hits="1" branch="False" />
                <line number="138" hits="3" branch="False" />
                <line number="141" hits="25" branch="True" condition-coverage="100% (2/2)">
                  <conditions>
                    <condition number="250" type="jump" coverage="100%" />
                  </conditions>
                </line>
                <line number="142" hits="1" branch="False" />
                <line number="143" hits="1" branch="False" />
                <line number="144" hits="1" branch="False" />
                <line number="147" hits="25" branch="True" condition-coverage="100% (4/4)">
                  <conditions>
                    <condition number="272" type="jump" coverage="100%" />
                    <condition number="286" type="jump" coverage="100%" />
                  </conditions>
                </line>
                <line number="148" hits="4" branch="False" />
                <line number="149" hits="4" branch="True" condition-coverage="100% (2/2)">
                  <conditions>
                    <condition number="302" type="jump" coverage="100%" />
                  </conditions>
                </line>
                <line number="150" hits="2" branch="False" />
                <line number="151" hits="2" branch="False" />
                <line number="152" hits="2" branch="False" />
                <line number="153" hits="4" branch="False" />
                <line number="154" hits="25" branch="False" />
                <line number="155" hits="13" branch="False" />
                <line number="157" hits="9" branch="False" />
                <line number="158" hits="9" branch="False" />
              </lines>
            </method>
            <method name="ShouldGenerateSerializerFor" signature="(Microsoft.CodeAnalysis.ITypeSymbol,Microsoft.CodeAnalysis.INamedTypeSymbol&amp;)" line-rate="0.8181" branch-rate="0.75" complexity="16">
              <lines>
                <line number="161" hits="77" branch="False" />
                <line number="162" hits="77" branch="False" />
                <line number="165" hits="77" branch="True" condition-coverage="100% (2/2)">
                  <conditions>
                    <condition number="15" type="jump" coverage="100%" />
                  </conditions>
                </line>
                <line number="166" hits="63" branch="False" />
                <line number="169" hits="14" branch="True" condition-coverage="50% (1/2)">
                  <conditions>
                    <condition number="36" type="jump" coverage="50%" />
                  </conditions>
                </line>
                <line number="170" hits="0" branch="False" />
                <line number="173" hits="14" branch="True" condition-coverage="100% (2/2)">
                  <conditions>
                    <condition number="55" type="jump" coverage="100%" />
                  </conditions>
                </line>
                <line number="174" hits="1" branch="False" />
                <line number="177" hits="13" branch="True" condition-coverage="100% (2/2)">
                  <conditions>
                    <condition number="74" type="jump" coverage="100%" />
                  </conditions>
                </line>
                <line number="178" hits="2" branch="False" />
                <line number="181" hits="11" branch="True" condition-coverage="100% (2/2)">
                  <conditions>
                    <condition number="92" type="jump" coverage="100%" />
                  </conditions>
                </line>
                <line number="182" hits="2" branch="False" />
                <line number="185" hits="9" branch="True" condition-coverage="50% (1/2)">
                  <conditions>
                    <condition number="111" type="jump" coverage="50%" />
                  </conditions>
                </line>
                <line number="186" hits="0" branch="False" />
                <line number="189" hits="9" branch="True" condition-coverage="50% (1/2)">
                  <conditions>
                    <condition number="132" type="jump" coverage="50%" />
                  </conditions>
                </line>
                <line number="190" hits="9" branch="False" />
                <line number="192" hits="9" branch="True" condition-coverage="50% (1/2)">
                  <conditions>
                    <condition number="145" type="jump" coverage="50%" />
                  </conditions>
                </line>
                <line number="193" hits="0" branch="False" />
                <line number="195" hits="9" branch="False" />
                <line number="196" hits="9" branch="False" />
                <line number="199" hits="0" branch="False" />
                <line number="200" hits="77" branch="False" />
              </lines>
            </method>
            <method name="GenerateSource" signature="(Microsoft.CodeAnalysis.INamedTypeSymbol,System.Collections.Generic.List`1&lt;Microsoft.CodeAnalysis.INamedTypeSymbol&gt;,System.Collections.Generic.List`1&lt;Microsoft.CodeAnalysis.INamedTypeSymbol&gt;)" line-rate="1" branch-rate="0.9285" complexity="14">
              <lines>
                <line number="203" hits="9" branch="False" />
                <line number="204" hits="9" branch="True" condition-coverage="50% (1/2)">
                  <conditions>
                    <condition number="8" type="jump" coverage="50%" />
                  </conditions>
                </line>
                <line number="205" hits="9" branch="False" />
                <line number="206" hits="9" branch="False" />
                <line number="208" hits="9" branch="False" />
                <line number="209" hits="9" branch="False" />
                <line number="210" hits="9" branch="False" />
                <line number="211" hits="9" branch="False" />
                <line number="212" hits="9" branch="False" />
                <line number="213" hits="9" branch="False" />
                <line number="214" hits="9" branch="False" />
                <line number="215" hits="9" branch="False" />
                <line number="217" hits="9" branch="True" condition-coverage="100% (2/2)">
                  <conditions>
                    <condition number="127" type="jump" coverage="100%" />
                  </conditions>
                </line>
                <line number="218" hits="9" branch="False" />
                <line number="219" hits="9" branch="False" />
                <line number="220" hits="9" branch="False" />
                <line number="221" hits="9" branch="False" />
                <line number="224" hits="9" branch="False" />
                <line number="225" hits="9" branch="False" />
                <line number="228" hits="9" branch="False" />
                <line number="229" hits="9" branch="False" />
                <line number="230" hits="9" branch="False" />
                <line number="231" hits="9" branch="False" />
                <line number="232" hits="9" branch="False" />
                <line number="234" hits="47" branch="True" condition-coverage="100% (2/2)">
                  <conditions>
                    <condition number="390" type="jump" coverage="100%" />
                  </conditions>
                </line>
                <line number="235" hits="10" branch="False" />
                <line number="236" hits="10" branch="False" />
                <line number="237" hits="10" branch="False" />
                <line number="238" hits="10" branch="False" />
                <line number="239" hits="10" branch="False" />
                <line number="240" hits="10" branch="False" />
                <line number="241" hits="10" branch="False" />
                <line number="242" hits="10" branch="False" />
                <line number="243" hits="10" branch="False" />
                <line number="245" hits="9" branch="False" />
                <line number="246" hits="9" branch="False" />
                <line number="247" hits="9" branch="False" />
                <line number="250" hits="9" branch="False" />
                <line number="251" hits="9" branch="False" />
                <line number="252" hits="9" branch="False" />
                <line number="253" hits="9" branch="False" />
                <line number="255" hits="47" branch="True" condition-coverage="100% (2/2)">
                  <conditions>
                    <condition number="688" type="jump" coverage="100%" />
                  </conditions>
                </line>
                <line number="256" hits="10" branch="False" />
                <line number="257" hits="10" branch="False" />
                <line number="258" hits="10" branch="False" />
                <line number="259" hits="10" branch="False" />
                <line number="260" hits="10" branch="False" />
                <line number="261" hits="10" branch="False" />
                <line number="262" hits="10" branch="False" />
                <line number="263" hits="10" branch="False" />
                <line number="264" hits="10" branch="False" />
                <line number="265" hits="10" branch="False" />
                <line number="267" hits="9" branch="False" />
                <line number="268" hits="9" branch="False" />
                <line number="269" hits="9" branch="False" />
                <line number="272" hits="53" branch="True" condition-coverage="100% (2/2)">
                  <conditions>
                    <condition number="787" type="jump" coverage="100%" />
                  </conditions>
                </line>
                <line number="273" hits="13" branch="False" />
                <line number="274" hits="13" branch="False" />
                <line number="275" hits="13" branch="False" />
                <line number="276" hits="13" branch="False" />
                <line number="279" hits="53" branch="True" condition-coverage="100% (2/2)">
                  <conditions>
                    <condition number="852" type="jump" coverage="100%" />
                  </conditions>
                </line>
                <line number="280" hits="13" branch="False" />
                <line number="281" hits="13" branch="False" />
                <line number="282" hits="13" branch="False" />
                <line number="283" hits="13" branch="False" />
                <line number="286" hits="9" branch="False" />
                <line number="291" hits="9" branch="False" />
                <line number="293" hits="9" branch="True" condition-coverage="100% (2/2)">
                  <conditions>
                    <condition number="904" type="jump" coverage="100%" />
                  </conditions>
                </line>
                <line number="294" hits="9" branch="False" />
                <line number="295" hits="9" branch="False" />
                <line number="296" hits="9" branch="False" />
                <line number="298" hits="9" branch="False" />
                <line number="299" hits="9" branch="False" />
              </lines>
            </method>
            <method name="GenerateDeserializeMethod" signature="(System.Text.StringBuilder,Microsoft.CodeAnalysis.INamedTypeSymbol,FrameWork.NetWork.SourceGenerators.PacketSerializerGenerator/CollectionMethodTracker)" line-rate="0.88" branch-rate="0.8571" complexity="28">
              <lines>
                <line number="302" hits="13" branch="False" />
                <line number="303" hits="13" branch="False" />
                <line number="304" hits="13" branch="False" />
                <line number="305" hits="13" branch="False" />
                <line number="306" hits="13" branch="False" />
                <line number="308" hits="13" branch="False" />
                <line number="309" hits="25" branch="True" condition-coverage="50% (1/2)">
                  <conditions>
                    <condition number="7" type="jump" coverage="50%" />
                  </conditions>
                </line>
                <line number="310" hits="13" branch="False" />
                <line number="313" hits="13" branch="False" />
                <line number="314" hits="13" branch="False" />
                <line number="316" hits="76" branch="True" condition-coverage="100% (2/2)">
                  <conditions>
                    <condition number="948" type="jump" coverage="100%" />
                  </conditions>
                </line>
                <line number="317" hits="25" branch="False" />
                <line number="318" hits="25" branch="False" />
                <line number="319" hits="25" branch="False" />
                <line number="320" hits="25" branch="False" />
                <line number="321" hits="25" branch="False" />
                <line number="324" hits="25" branch="False" />
                <line number="325" hits="25" branch="True" condition-coverage="100% (6/6)">
                  <conditions>
                    <condition number="228" type="jump" coverage="100%" />
                    <condition number="241" type="jump" coverage="100%" />
                    <condition number="257" type="jump" coverage="100%" />
                  </conditions>
                </line>
                <line number="326" hits="1" branch="False" />
                <line number="327" hits="1" branch="False" />
                <line number="328" hits="1" branch="False" />
                <line number="331" hits="25" branch="True" condition-coverage="100% (2/2)">
                  <conditions>
                    <condition number="294" type="jump" coverage="100%" />
                  </conditions>
                </line>
                <line number="332" hits="1" branch="False" />
                <line number="333" hits="1" branch="False" />
                <line number="334" hits="1" branch="True" condition-coverage="50% (1/2)">
                  <conditions>
                    <condition number="320" type="jump" coverage="50%" />
                  </conditions>
                </line>
                <line number="335" hits="0" branch="False" />
                <line number="336" hits="0" branch="False" />
                <line number="337" hits="0" branch="False" />
                <line number="339" hits="1" branch="False" />
                <line number="340" hits="1" branch="False" />
                <line number="341" hits="1" branch="False" />
                <line number="342" hits="1" branch="False" />
                <line number="343" hits="24" branch="True" condition-coverage="100% (2/2)">
                  <conditions>
                    <condition number="461" type="jump" coverage="100%" />
                  </conditions>
                </line>
                <line number="344" hits="4" branch="False" />
                <line number="346" hits="4" branch="False" />
                <line number="349" hits="4" branch="False" />
                <line number="350" hits="4" branch="False" />
                <line number="351" hits="4" branch="False" />
                <line number="352" hits="20" branch="True" condition-coverage="100% (2/2)">
                  <conditions>
                    <condition number="563" type="jump" coverage="100%" />
                  </conditions>
                </line>
                <line number="353" hits="1" branch="False" />
                <line number="355" hits="1" branch="False" />
                <line number="356" hits="1" branch="True" condition-coverage="50% (1/2)">
                  <conditions>
                    <condition number="584" type="jump" coverage="50%" />
                  </conditions>
                </line>
                <line number="357" hits="0" branch="False" />
                <line number="358" hits="0" branch="False" />
                <line number="359" hits="0" branch="False" />
                <line number="361" hits="1" branch="False" />
                <line number="362" hits="1" branch="False" />
                <line number="363" hits="1" branch="False" />
                <line number="364" hits="1" branch="False" />
                <line number="365" hits="19" branch="True" condition-coverage="100% (2/2)">
                  <conditions>
                    <condition number="718" type="jump" coverage="100%" />
                  </conditions>
                </line>
                <line number="366" hits="1" branch="False" />
                <line number="368" hits="1" branch="True" condition-coverage="50% (1/2)">
                  <conditions>
                    <condition number="735" type="jump" coverage="50%" />
                  </conditions>
                </line>
                <line number="369" hits="0" branch="False" />
                <line number="370" hits="0" branch="False" />
                <line number="371" hits="0" branch="False" />
                <line number="373" hits="1" branch="False" />
                <line number="374" hits="1" branch="False" />
                <line number="375" hits="1" branch="False" />
                <line number="376" hits="1" branch="False" />
                <line number="377" hits="1" branch="False" />
                <line number="379" hits="18" branch="False" />
                <line number="381" hits="18" branch="True" condition-coverage="100% (2/2)">
                  <conditions>
                    <condition number="828" type="jump" coverage="100%" />
                  </conditions>
                </line>
                <line number="382" hits="1" branch="False" />
                <line number="383" hits="1" branch="False" />
                <line number="384" hits="1" branch="False" />
                <line number="386" hits="17" branch="False" />
                <line number="387" hits="17" branch="False" />
                <line number="388" hits="17" branch="False" />
                <line number="389" hits="17" branch="False" />
                <line number="390" hits="18" branch="False" />
                <line number="392" hits="25" branch="True" condition-coverage="100% (2/2)">
                  <conditions>
                    <condition number="907" type="jump" coverage="100%" />
                  </conditions>
                </line>
                <line number="393" hits="25" branch="False" />
                <line number="395" hits="13" branch="False" />
                <line number="396" hits="13" branch="False" />
                <line number="397" hits="13" branch="False" />
              </lines>
            </method>
            <method name="GenerateReadExpressionInline" signature="(System.Text.StringBuilder,Microsoft.CodeAnalysis.ITypeSymbol)" line-rate="0.75" branch-rate="0.619" complexity="21">
              <lines>
                <line number="400" hits="18" branch="False" />
                <line number="401" hits="18" branch="False" />
                <line number="402" hits="18" branch="True" condition-coverage="100% (6/6)">
                  <conditions>
                    <condition number="10" type="jump" coverage="100%" />
                    <condition number="20" type="jump" coverage="100%" />
                    <condition number="33" type="jump" coverage="100%" />
                  </conditions>
                </line>
                <line number="403" hits="1" branch="False" />
                <line number="404" hits="1" branch="False" />
                <line number="405" hits="1" branch="False" />
                <line number="407" hits="18" branch="True" condition-coverage="46.66% (7/15)">
                  <conditions>
                    <condition number="70" type="switch" coverage="46.66%" />
                  </conditions>
                </line>
                <line number="408" hits="18" branch="False" />
                <line number="409" hits="1" branch="False" />
                <line number="410" hits="0" branch="False" />
                <line number="411" hits="1" branch="False" />
                <line number="412" hits="0" branch="False" />
                <line number="413" hits="6" branch="False" />
                <line number="414" hits="0" branch="False" />
                <line number="415" hits="1" branch="False" />
                <line number="416" hits="0" branch="False" />
                <line number="417" hits="1" branch="False" />
                <line number="418" hits="1" branch="False" />
                <line number="419" hits="0" branch="False" />
                <line number="420" hits="7" branch="False" />
                <line number="421" hits="0" branch="False" />
                <line number="422" hits="18" branch="False" />
                <line number="424" hits="18" branch="False" />
                <line number="425" hits="18" branch="False" />
              </lines>
            </method>
            <method name="GenerateSerializeMethod" signature="(System.Text.StringBuilder,Microsoft.CodeAnalysis.INamedTypeSymbol,FrameWork.NetWork.SourceGenerators.PacketSerializerGenerator/CollectionMethodTracker)" line-rate="1" branch-rate="0.75" complexity="4">
              <lines>
                <line number="428" hits="13" branch="False" />
                <line number="429" hits="13" branch="False" />
                <line number="430" hits="13" branch="False" />
                <line number="431" hits="13" branch="False" />
                <line number="432" hits="13" branch="False" />
                <line number="434" hits="13" branch="False" />
                <line number="435" hits="25" branch="True" condition-coverage="50% (1/2)">
                  <conditions>
                    <condition number="7" type="jump" coverage="50%" />
                  </conditions>
                </line>
                <line number="436" hits="13" branch="False" />
                <line number="438" hits="89" branch="True" condition-coverage="100% (2/2)">
                  <conditions>
                    <condition number="194" type="jump" coverage="100%" />
                  </conditions>
                </line>
                <line number="439" hits="25" branch="False" />
                <line number="440" hits="25" branch="False" />
                <line number="441" hits="25" branch="False" />
                <line number="443" hits="13" branch="False" />
                <line number="444" hits="13" branch="False" />
              </lines>
            </method>
            <method name="GenerateSerializeProperty" signature="(System.Text.StringBuilder,Microsoft.CodeAnalysis.IPropertySymbol,System.String,FrameWork.NetWork.SourceGenerators.PacketSerializerGenerator/CollectionMethodTracker)" line-rate="0.7656000000000001" branch-rate="0.8636" complexity="22">
              <lines>
                <line number="447" hits="25" branch="False" />
                <line number="448" hits="25" branch="False" />
                <line number="449" hits="25" branch="False" />
                <line number="451" hits="25" branch="False" />
                <line number="452" hits="25" branch="False" />
                <line number="454" hits="25" branch="True" condition-coverage="100% (6/6)">
                  <conditions>
                    <condition number="26" type="jump" coverage="100%" />
                    <condition number="38" type="jump" coverage="100%" />
                    <condition number="54" type="jump" coverage="100%" />
                  </conditions>
                </line>
                <line number="455" hits="1" branch="False" />
                <line number="456" hits="1" branch="False" />
                <line number="457" hits="1" branch="False" />
                <line number="458" hits="1" branch="False" />
                <line number="460" hits="25" branch="True" condition-coverage="100% (2/2)">
                  <conditions>
                    <condition number="79" type="jump" coverage="100%" />
                  </conditions>
                </line>
                <line number="463" hits="25" branch="True" condition-coverage="100% (2/2)">
                  <conditions>
                    <condition number="109" type="jump" coverage="100%" />
                  </conditions>
                </line>
                <line number="464" hits="4" branch="False" />
                <line number="466" hits="4" branch="True" condition-coverage="50% (1/2)">
                  <conditions>
                    <condition number="127" type="jump" coverage="50%" />
                  </conditions>
                </line>
                <line number="467" hits="0" branch="False" />
                <line number="468" hits="0" branch="False" />
                <line number="469" hits="0" branch="False" />
                <line number="471" hits="4" branch="False" />
                <line number="473" hits="4" branch="False" />
                <line number="474" hits="4" branch="False" />
                <line number="475" hits="4" branch="False" />
                <line number="476" hits="4" branch="False" />
                <line number="480" hits="21" branch="True" condition-coverage="100% (2/2)">
                  <conditions>
                    <condition number="242" type="jump" coverage="100%" />
                  </conditions>
                </line>
                <line number="481" hits="1" branch="False" />
                <line number="482" hits="1" branch="True" condition-coverage="50% (1/2)">
                  <conditions>
                    <condition number="250" type="jump" coverage="50%" />
                  </conditions>
                </line>
                <line number="483" hits="0" branch="False" />
                <line number="484" hits="0" branch="False" />
                <line number="485" hits="0" branch="False" />
                <line number="486" hits="0" branch="False" />
                <line number="487" hits="0" branch="False" />
                <line number="488" hits="0" branch="False" />
                <line number="490" hits="1" branch="False" />
                <line number="491" hits="1" branch="False" />
                <line number="492" hits="1" branch="False" />
                <line number="493" hits="1" branch="False" />
                <line number="497" hits="20" branch="True" condition-coverage="100% (2/2)">
                  <conditions>
                    <condition number="370" type="jump" coverage="100%" />
                  </conditions>
                </line>
                <line number="498" hits="1" branch="False" />
                <line number="499" hits="1" branch="False" />
                <line number="500" hits="1" branch="True" condition-coverage="50% (1/2)">
                  <conditions>
                    <condition number="390" type="jump" coverage="50%" />
                  </conditions>
                </line>
                <line number="501" hits="0" branch="False" />
                <line number="502" hits="0" branch="False" />
                <line number="503" hits="0" branch="False" />
                <line number="504" hits="0" branch="False" />
                <line number="505" hits="0" branch="False" />
                <line number="506" hits="0" branch="False" />
                <line number="508" hits="1" branch="False" />
                <line number="509" hits="1" branch="False" />
                <line number="510" hits="1" branch="False" />
                <line number="511" hits="1" branch="False" />
                <line number="515" hits="19" branch="True" condition-coverage="100% (2/2)">
                  <conditions>
                    <condition number="559" type="jump" coverage="100%" />
                  </conditions>
                </line>
                <line number="516" hits="1" branch="False" />
                <line number="517" hits="1" branch="False" />
                <line number="518" hits="1" branch="False" />
                <line number="519" hits="1" branch="False" />
                <line number="520" hits="1" branch="False" />
                <line number="521" hits="1" branch="False" />
                <line number="522" hits="1" branch="False" />
                <line number="523" hits="1" branch="False" />
                <line number="525" hits="18" branch="False" />
                <line number="526" hits="18" branch="False" />
                <line number="527" hits="18" branch="False" />
                <line number="528" hits="18" branch="False" />
                <line number="529" hits="18" branch="False" />
                <line number="530" hits="25" branch="False" />
              </lines>
            </method>
            <method name="GenerateWriteExpressionInline" signature="(System.Text.StringBuilder,Microsoft.CodeAnalysis.ITypeSymbol,System.String)" line-rate="0.7916" branch-rate="0.6666" complexity="21">
              <lines>
                <line number="532" hits="19" branch="False" />
                <line number="533" hits="19" branch="False" />
                <line number="534" hits="19" branch="True" condition-coverage="100% (6/6)">
                  <conditions>
                    <condition number="10" type="jump" coverage="100%" />
                    <condition number="20" type="jump" coverage="100%" />
                    <condition number="33" type="jump" coverage="100%" />
                  </conditions>
                </line>
                <line number="535" hits="1" branch="False" />
                <line number="536" hits="1" branch="False" />
                <line number="537" hits="1" branch="False" />
                <line number="539" hits="19" branch="True" condition-coverage="53.33% (8/15)">
                  <conditions>
                    <condition number="70" type="switch" coverage="53.33%" />
                  </conditions>
                </line>
                <line number="540" hits="19" branch="False" />
                <line number="541" hits="1" branch="False" />
                <line number="542" hits="0" branch="False" />
                <line number="543" hits="1" branch="False" />
                <line number="544" hits="0" branch="False" />
                <line number="545" hits="6" branch="False" />
                <line number="546" hits="0" branch="False" />
                <line number="547" hits="1" branch="False" />
                <line number="548" hits="0" branch="False" />
                <line number="549" hits="1" branch="False" />
                <line number="550" hits="1" branch="False" />
                <line number="551" hits="1" branch="False" />
                <line number="552" hits="7" branch="False" />
                <line number="553" hits="0" branch="False" />
                <line number="554" hits="19" branch="False" />
                <line number="556" hits="19" branch="False" />
                <line number="557" hits="19" branch="False" />
              </lines>
            </method>
            <method name="IsCollectionType" signature="(Microsoft.CodeAnalysis.ITypeSymbol,Microsoft.CodeAnalysis.ITypeSymbol&amp;)" line-rate="0.95" branch-rate="0.6428" complexity="14">
              <lines>
                <line number="560" hits="89" branch="False" />
                <line number="561" hits="89" branch="False" />
                <line number="564" hits="89" branch="True" condition-coverage="100% (2/2)">
                  <conditions>
                    <condition number="17" type="jump" coverage="100%" />
                  </conditions>
                </line>
                <line number="565" hits="6" branch="False" />
                <line number="566" hits="6" branch="False" />
                <line number="567" hits="6" branch="False" />
                <line number="571" hits="83" branch="True" condition-coverage="75% (3/4)">
                  <conditions>
                    <condition number="56" type="jump" coverage="50%" />
                    <condition number="71" type="jump" coverage="100%" />
                  </conditions>
                </line>
                <line number="572" hits="8" branch="False" />
                <line number="573" hits="8" branch="False" />
                <line number="574" hits="8" branch="False" />
                <line number="576" hits="8" branch="True" condition-coverage="50% (4/8)">
                  <conditions>
                    <condition number="104" type="jump" coverage="50%" />
                    <condition number="118" type="jump" coverage="50%" />
                    <condition number="132" type="jump" coverage="50%" />
                    <condition number="153" type="jump" coverage="50%" />
                  </conditions>
                </line>
                <line number="577" hits="8" branch="False" />
                <line number="578" hits="8" branch="False" />
                <line number="579" hits="8" branch="False" />
                <line number="580" hits="8" branch="False" />
                <line number="581" hits="8" branch="False" />
                <line number="582" hits="8" branch="False" />
                <line number="584" hits="0" branch="False" />
                <line number="586" hits="75" branch="False" />
                <line number="587" hits="89" branch="False" />
              </lines>
            </method>
            <method name="GetPacketLengthSize" signature="(Microsoft.CodeAnalysis.IPropertySymbol)" line-rate="0.9166" branch-rate="0.625" complexity="16">
              <lines>
                <line number="590" hits="29" branch="False" />
                <line number="592" hits="29" branch="False" />
                <line number="593" hits="31" branch="True" condition-coverage="50% (4/8)">
                  <conditions>
                    <condition number="7" type="jump" coverage="50%" />
                    <condition number="28" type="jump" coverage="50%" />
                    <condition number="37" type="jump" coverage="50%" />
                    <condition number="49" type="jump" coverage="50%" />
                  </conditions>
                </line>
                <line number="594" hits="31" branch="False" />
                <line number="596" hits="29" branch="True" condition-coverage="100% (4/4)">
                  <conditions>
                    <condition number="45" type="jump" coverage="100%" />
                    <condition number="69" type="jump" coverage="100%" />
                  </conditions>
                </line>
                <line number="597" hits="2" branch="False" />
                <line number="598" hits="2" branch="True" condition-coverage="50% (2/4)">
                  <conditions>
                    <condition number="105" type="jump" coverage="50%" />
                    <condition number="123" type="jump" coverage="50%" />
                  </conditions>
                </line>
                <line number="599" hits="2" branch="False" />
                <line number="600" hits="2" branch="False" />
                <line number="602" hits="0" branch="False" />
                <line number="605" hits="27" branch="False" />
                <line number="606" hits="29" branch="False" />
              </lines>
            </method>
            <method name="RegisterCollectionDeserializeMethod" signature="(FrameWork.NetWork.SourceGenerators.PacketSerializerGenerator/CollectionMethodTracker,Microsoft.CodeAnalysis.ITypeSymbol,Microsoft.CodeAnalysis.ITypeSymbol,System.Int32)" line-rate="1" branch-rate="1" complexity="2">
              <lines>
                <line number="610" hits="4" branch="False" />
                <line number="611" hits="4" branch="False" />
                <line number="613" hits="4" branch="True" condition-coverage="100% (2/2)">
                  <conditions>
                    <condition number="38" type="jump" coverage="100%" />
                  </conditions>
                </line>
                <line number="614" hits="4" branch="False" />
                <line number="615" hits="4" branch="False" />
                <line number="616" hits="4" branch="False" />
                <line number="618" hits="4" branch="False" />
                <line number="619" hits="4" branch="False" />
              </lines>
            </method>
            <method name="RegisterCollectionSerializeMethod" signature="(FrameWork.NetWork.SourceGenerators.PacketSerializerGenerator/CollectionMethodTracker,Microsoft.CodeAnalysis.ITypeSymbol,Microsoft.CodeAnalysis.ITypeSymbol,System.Int32)" line-rate="1" branch-rate="1" complexity="2">
              <lines>
                <line number="623" hits="4" branch="False" />
                <line number="624" hits="4" branch="False" />
                <line number="626" hits="4" branch="True" condition-coverage="100% (2/2)">
                  <conditions>
                    <condition number="38" type="jump" coverage="100%" />
                  </conditions>
                </line>
                <line number="627" hits="4" branch="False" />
                <line number="628" hits="4" branch="False" />
                <line number="629" hits="4" branch="False" />
                <line number="631" hits="4" branch="False" />
                <line number="632" hits="4" branch="False" />
              </lines>
            </method>
            <method name="GenerateCollectionHelperMethods" signature="(System.Text.StringBuilder,FrameWork.NetWork.SourceGenerators.PacketSerializerGenerator/CollectionMethodTracker)" line-rate="1" branch-rate="1" complexity="4">
              <lines>
                <line number="636" hits="9" branch="False" />
                <line number="638" hits="35" branch="True" condition-coverage="100% (2/2)">
                  <conditions>
                    <condition number="85" type="jump" coverage="100%" />
                  </conditions>
                </line>
                <line number="639" hits="4" branch="False" />
                <line number="640" hits="4" branch="False" />
                <line number="641" hits="4" branch="False" />
                <line number="642" hits="4" branch="False" />
                <line number="643" hits="4" branch="False" />
                <line number="646" hits="35" branch="True" condition-coverage="100% (2/2)">
                  <conditions>
                    <condition number="196" type="jump" coverage="100%" />
                  </conditions>
                </line>
                <line number="647" hits="4" branch="False" />
                <line number="648" hits="4" branch="False" />
                <line number="649" hits="4" branch="False" />
                <line number="650" hits="4" branch="False" />
                <line number="651" hits="4" branch="False" />
                <line number="652" hits="9" branch="False" />
              </lines>
            </method>
            <method name="GenerateCollectionDeserializeMethod" signature="(System.Text.StringBuilder,System.String,Microsoft.CodeAnalysis.ITypeSymbol,Microsoft.CodeAnalysis.ITypeSymbol,System.Int32)" line-rate="0.909" branch-rate="0.75" complexity="8">
              <lines>
                <line number="655" hits="4" branch="False" />
                <line number="656" hits="4" branch="False" />
                <line number="657" hits="4" branch="False" />
                <line number="659" hits="4" branch="False" />
                <line number="660" hits="4" branch="False" />
                <line number="663" hits="4" branch="False" />
                <line number="664" hits="4" branch="False" />
                <line number="665" hits="4" branch="False" />
                <line number="668" hits="4" branch="False" />
                <line number="669" hits="4" branch="False" />
                <line number="670" hits="4" branch="False" />
                <line number="673" hits="4" branch="False" />
                <line number="674" hits="4" branch="False" />
                <line number="675" hits="4" branch="False" />
                <line number="677" hits="4" branch="False" />
                <line number="678" hits="4" branch="False" />
                <line number="681" hits="4" branch="True" condition-coverage="100% (2/2)">
                  <conditions>
                    <condition number="261" type="jump" coverage="100%" />
                  </conditions>
                </line>
                <line number="682" hits="2" branch="False" />
                <line number="683" hits="2" branch="False" />
                <line number="684" hits="2" branch="False" />
                <line number="685" hits="2" branch="True" condition-coverage="75% (3/4)">
                  <conditions>
                    <condition number="287" type="jump" coverage="50%" />
                    <condition number="302" type="jump" coverage="100%" />
                  </conditions>
                </line>
                <line number="686" hits="2" branch="False" />
                <line number="687" hits="2" branch="False" />
                <line number="688" hits="2" branch="True" condition-coverage="50% (1/2)">
                  <conditions>
                    <condition number="335" type="jump" coverage="50%" />
                  </conditions>
                </line>
                <line number="689" hits="2" branch="False" />
                <line number="690" hits="2" branch="False" />
                <line number="691" hits="2" branch="False" />
                <line number="693" hits="0" branch="False" />
                <line number="695" hits="0" branch="False" />
                <line number="696" hits="0" branch="False" />
                <line number="697" hits="2" branch="False" />
                <line number="699" hits="4" branch="False" />
                <line number="700" hits="4" branch="False" />
              </lines>
            </method>
            <method name="GenerateCollectionSerializeMethod" signature="(System.Text.StringBuilder,System.String,Microsoft.CodeAnalysis.ITypeSymbol,Microsoft.CodeAnalysis.ITypeSymbol,System.Int32)" line-rate="1" branch-rate="1" complexity="2">
              <lines>
                <line number="703" hits="4" branch="False" />
                <line number="704" hits="4" branch="False" />
                <line number="706" hits="4" branch="False" />
                <line number="707" hits="4" branch="False" />
                <line number="711" hits="4" branch="True" condition-coverage="100% (2/2)">
                  <conditions>
                    <condition number="86" type="jump" coverage="100%" />
                  </conditions>
                </line>
                <line number="712" hits="2" branch="False" />
                <line number="713" hits="2" branch="False" />
                <line number="714" hits="2" branch="False" />
                <line number="716" hits="2" branch="False" />
                <line number="718" hits="2" branch="False" />
                <line number="719" hits="2" branch="False" />
                <line number="722" hits="4" branch="False" />
                <line number="723" hits="4" branch="False" />
                <line number="724" hits="4" branch="False" />
                <line number="727" hits="4" branch="False" />
                <line number="728" hits="4" branch="False" />
                <line number="730" hits="4" branch="False" />
                <line number="731" hits="4" branch="False" />
                <line number="732" hits="4" branch="False" />
                <line number="734" hits="4" branch="False" />
                <line number="736" hits="4" branch="False" />
                <line number="737" hits="4" branch="False" />
              </lines>
            </method>
            <method name="GenerateLengthRead" signature="(System.Int32)" line-rate="0.6666" branch-rate="0.2" complexity="5">
              <lines>
                <line number="740" hits="4" branch="False" />
                <line number="741" hits="4" branch="True" condition-coverage="20% (1/5)">
                  <conditions>
                    <condition number="8" type="switch" coverage="20%" />
                  </conditions>
                </line>
                <line number="742" hits="4" branch="False" />
                <line number="743" hits="4" branch="False" />
                <line number="744" hits="0" branch="False" />
                <line number="745" hits="0" branch="False" />
                <line number="746" hits="0" branch="False" />
                <line number="747" hits="4" branch="False" />
                <line number="748" hits="4" branch="False" />
              </lines>
            </method>
            <method name="GenerateLengthWrite" signature="(System.Text.StringBuilder,System.String,System.Int32)" line-rate="0.5" branch-rate="0.2" complexity="5">
              <lines>
                <line number="751" hits="4" branch="False" />
                <line number="752" hits="4" branch="True" condition-coverage="20% (1/5)">
                  <conditions>
                    <condition number="8" type="switch" coverage="20%" />
                  </conditions>
                </line>
                <line number="755" hits="4" branch="False" />
                <line number="756" hits="4" branch="False" />
                <line number="757" hits="4" branch="False" />
                <line number="758" hits="4" branch="False" />
                <line number="760" hits="0" branch="False" />
                <line number="761" hits="0" branch="False" />
                <line number="762" hits="0" branch="False" />
                <line number="763" hits="0" branch="False" />
                <line number="765" hits="0" branch="False" />
                <line number="766" hits="0" branch="False" />
                <line number="768" hits="0" branch="False" />
                <line number="770" hits="4" branch="False" />
              </lines>
            </method>
            <method name="GetEmptyCollectionExpression" signature="(Microsoft.CodeAnalysis.ITypeSymbol,Microsoft.CodeAnalysis.ITypeSymbol)" line-rate="0.8571" branch-rate="0.625" complexity="8">
              <lines>
                <line number="773" hits="4" branch="False" />
                <line number="774" hits="4" branch="False" />
                <line number="776" hits="4" branch="True" condition-coverage="100% (2/2)">
                  <conditions>
                    <condition number="24" type="jump" coverage="100%" />
                  </conditions>
                </line>
                <line number="777" hits="2" branch="False" />
                <line number="778" hits="2" branch="False" />
                <line number="780" hits="2" branch="True" condition-coverage="50% (2/4)">
                  <conditions>
                    <condition number="54" type="jump" coverage="50%" />
                    <condition number="69" type="jump" coverage="50%" />
                  </conditions>
                </line>
                <line number="781" hits="2" branch="False" />
                <line number="782" hits="2" branch="False" />
                <line number="783" hits="2" branch="True" condition-coverage="50% (1/2)">
                  <conditions>
                    <condition number="102" type="jump" coverage="50%" />
                  </conditions>
                </line>
                <line number="784" hits="2" branch="False" />
                <line number="785" hits="2" branch="False" />
                <line number="787" hits="0" branch="False" />
                <line number="789" hits="0" branch="False" />
                <line number="790" hits="4" branch="False" />
              </lines>
            </method>
            <method name="GenerateElementRead" signature="(System.Text.StringBuilder,Microsoft.CodeAnalysis.ITypeSymbol)" line-rate="0.46869999999999995" branch-rate="0.2857" complexity="21">
              <lines>
                <line number="793" hits="4" branch="False" />
                <line number="795" hits="4" branch="True" condition-coverage="100% (2/2)">
                  <conditions>
                    <condition number="11" type="jump" coverage="100%" />
                  </conditions>
                </line>
                <line number="796" hits="2" branch="False" />
                <line number="797" hits="2" branch="False" />
                <line number="798" hits="2" branch="False" />
                <line number="799" hits="2" branch="False" />
                <line number="803" hits="2" branch="True" condition-coverage="50% (1/2)">
                  <conditions>
                    <condition number="63" type="jump" coverage="50%" />
                  </conditions>
                </line>
                <line number="804" hits="0" branch="False" />
                <line number="807" hits="0" branch="False" />
                <line number="811" hits="2" branch="True" condition-coverage="50% (1/2)">
                  <conditions>
                    <condition number="90" type="jump" coverage="50%" />
                  </conditions>
                </line>
                <line number="812" hits="0" branch="False" />
                <line number="813" hits="0" branch="False" />
                <line number="814" hits="0" branch="False" />
                <line number="815" hits="0" branch="False" />
                <line number="819" hits="2" branch="True" condition-coverage="13.33% (2/15)">
                  <conditions>
                    <condition number="151" type="switch" coverage="13.33%" />
                  </conditions>
                </line>
                <line number="820" hits="2" branch="False" />
                <line number="821" hits="0" branch="False" />
                <line number="822" hits="0" branch="False" />
                <line number="823" hits="0" branch="False" />
                <line number="824" hits="0" branch="False" />
                <line number="825" hits="1" branch="False" />
                <line number="826" hits="0" branch="False" />
                <line number="827" hits="0" branch="False" />
                <line number="828" hits="0" branch="False" />
                <line number="829" hits="0" branch="False" />
                <line number="830" hits="0" branch="False" />
                <line number="831" hits="0" branch="False" />
                <line number="832" hits="1" branch="False" />
                <line number="833" hits="0" branch="False" />
                <line number="834" hits="2" branch="False" />
                <line number="836" hits="2" branch="False" />
                <line number="837" hits="4" branch="False" />
              </lines>
            </method>
            <method name="GenerateElementWrite" signature="(System.Text.StringBuilder,Microsoft.CodeAnalysis.ITypeSymbol,System.String)" line-rate="0.4838" branch-rate="0.2857" complexity="21">
              <lines>
                <line number="840" hits="4" branch="False" />
                <line number="842" hits="4" branch="True" condition-coverage="100% (2/2)">
                  <conditions>
                    <condition number="11" type="jump" coverage="100%" />
                  </conditions>
                </line>
                <line number="843" hits="2" branch="False" />
                <line number="844" hits="2" branch="False" />
                <line number="845" hits="2" branch="False" />
                <line number="846" hits="2" branch="False" />
                <line number="850" hits="2" branch="True" condition-coverage="50% (1/2)">
                  <conditions>
                    <condition number="90" type="jump" coverage="50%" />
                  </conditions>
                </line>
                <line number="851" hits="0" branch="False" />
                <line number="853" hits="0" branch="False" />
                <line number="857" hits="2" branch="True" condition-coverage="50% (1/2)">
                  <conditions>
                    <condition number="117" type="jump" coverage="50%" />
                  </conditions>
                </line>
                <line number="858" hits="0" branch="False" />
                <line number="859" hits="0" branch="False" />
                <line number="860" hits="0" branch="False" />
                <line number="864" hits="2" branch="True" condition-coverage="13.33% (2/15)">
                  <conditions>
                    <condition number="164" type="switch" coverage="13.33%" />
                  </conditions>
                </line>
                <line number="865" hits="2" branch="False" />
                <line number="866" hits="0" branch="False" />
                <line number="867" hits="0" branch="False" />
                <line number="868" hits="0" branch="False" />
                <line number="869" hits="0" branch="False" />
                <line number="870" hits="1" branch="False" />
                <line number="871" hits="0" branch="False" />
                <line number="872" hits="0" branch="False" />
                <line number="873" hits="0" branch="False" />
                <line number="874" hits="0" branch="False" />
                <line number="875" hits="0" branch="False" />
                <line number="876" hits="0" branch="False" />
                <line number="877" hits="1" branch="False" />
                <line number="878" hits="0" branch="False" />
                <line number="879" hits="2" branch="False" />
                <line number="881" hits="2" branch="False" />
                <line number="882" hits="4" branch="False" />
              </lines>
            </method>
            <method name="GetSafeTypeName" signature="(Microsoft.CodeAnalysis.ITypeSymbol)" line-rate="1" branch-rate="1" complexity="1">
              <lines>
                <line number="885" hits="60" branch="False" />
                <line number="887" hits="60" branch="False" />
                <line number="888" hits="60" branch="False" />
                <line number="889" hits="60" branch="False" />
                <line number="890" hits="60" branch="False" />
              </lines>
            </method>
          </methods>
          <lines>
            <line number="24" hits="10" branch="False" />
            <line number="26" hits="10" branch="False" />
            <line number="27" hits="10" branch="False" />
            <line number="28" hits="1010" branch="True" condition-coverage="100% (2/2)">
              <conditions>
                <condition number="8" type="jump" coverage="100%" />
              </conditions>
            </line>
            <line number="29" hits="30" branch="False" />
            <line number="30" hits="40" branch="False" />
            <line number="33" hits="10" branch="False" />
            <line number="36" hits="20" branch="False" />
            <line number="37" hits="10" branch="False" />
            <line number="40" hits="30" branch="False" />
            <line number="41" hits="30" branch="False" />
            <line number="44" hits="30" branch="True" condition-coverage="100% (2/2)">
              <conditions>
                <condition number="35" type="jump" coverage="100%" />
              </conditions>
            </line>
            <line number="45" hits="21" branch="False" />
            <line number="48" hits="9" branch="False" />
            <line number="49" hits="9" branch="True" condition-coverage="50% (1/2)">
              <conditions>
                <condition number="74" type="jump" coverage="50%" />
              </conditions>
            </line>
            <line number="50" hits="0" branch="False" />
            <line number="52" hits="9" branch="False" />
            <line number="53" hits="18" branch="True" condition-coverage="50% (4/8)">
              <conditions>
                <condition number="7" type="jump" coverage="50%" />
                <condition number="28" type="jump" coverage="50%" />
                <condition number="37" type="jump" coverage="50%" />
                <condition number="49" type="jump" coverage="50%" />
              </conditions>
            </line>
            <line number="54" hits="18" branch="False" />
            <line number="56" hits="9" branch="True" condition-coverage="50% (1/2)">
              <conditions>
                <condition number="125" type="jump" coverage="50%" />
              </conditions>
            </line>
            <line number="57" hits="30" branch="False" />
            <line number="60" hits="10" branch="False" />
            <line number="61" hits="10" branch="True" condition-coverage="100% (2/2)">
              <conditions>
                <condition number="10" type="jump" coverage="100%" />
              </conditions>
            </line>
            <line number="62" hits="1" branch="False" />
            <line number="64" hits="45" branch="True" condition-coverage="100% (2/2)">
              <conditions>
                <condition number="378" type="jump" coverage="100%" />
              </conditions>
            </line>
            <line number="65" hits="9" branch="False" />
            <line number="66" hits="9" branch="True" condition-coverage="100% (2/2)">
              <conditions>
                <condition number="48" type="jump" coverage="100%" />
              </conditions>
            </line>
            <line number="67" hits="0" branch="False" />
            <line number="69" hits="9" branch="False" />
            <line number="70" hits="9" branch="False" />
            <line number="71" hits="9" branch="True" condition-coverage="100% (2/2)">
              <conditions>
                <condition number="97" type="jump" coverage="100%" />
              </conditions>
            </line>
            <line number="72" hits="0" branch="False" />
            <line number="75" hits="9" branch="False" />
            <line number="76" hits="18" branch="True" condition-coverage="50% (1/2)">
              <conditions>
                <condition number="7" type="jump" coverage="50%" />
              </conditions>
            </line>
            <line number="78" hits="9" branch="True" condition-coverage="75% (3/4)">
              <conditions>
                <condition number="151" type="jump" coverage="50%" />
                <condition number="176" type="jump" coverage="100%" />
              </conditions>
            </line>
            <line number="79" hits="0" branch="False" />
            <line number="81" hits="9" branch="False" />
            <line number="84" hits="9" branch="False" />
            <line number="85" hits="9" branch="True" condition-coverage="100% (2/2)">
              <conditions>
                <condition number="223" type="jump" coverage="100%" />
              </conditions>
            </line>
            <line number="86" hits="9" branch="False" />
            <line number="87" hits="47" branch="True" condition-coverage="100% (2/2)">
              <conditions>
                <condition number="300" type="jump" coverage="100%" />
              </conditions>
            </line>
            <line number="88" hits="10" branch="False" />
            <line number="89" hits="10" branch="True" condition-coverage="100% (2/2)">
              <conditions>
                <condition number="280" type="jump" coverage="100%" />
              </conditions>
            </line>
            <line number="90" hits="10" branch="False" />
            <line number="91" hits="10" branch="False" />
            <line number="92" hits="9" branch="False" />
            <line number="94" hits="9" branch="True" condition-coverage="100% (2/2)">
              <conditions>
                <condition number="317" type="jump" coverage="100%" />
              </conditions>
            </line>
            <line number="95" hits="9" branch="False" />
            <line number="97" hits="9" branch="False" />
            <line number="98" hits="9" branch="False" />
            <line number="99" hits="9" branch="False" />
            <line number="100" hits="9" branch="False" />
            <line number="101" hits="9" branch="False" />
            <line number="102" hits="10" branch="False" />
            <line number="105" hits="9" branch="False" />
            <line number="106" hits="9" branch="False" />
            <line number="107" hits="9" branch="False" />
            <line number="108" hits="9" branch="False" />
            <line number="110" hits="22" branch="True" condition-coverage="100% (2/2)">
              <conditions>
                <condition number="360" type="jump" coverage="100%" />
              </conditions>
            </line>
            <line number="111" hits="13" branch="False" />
            <line number="112" hits="13" branch="False" />
            <line number="115" hits="13" branch="True" condition-coverage="100% (2/2)">
              <conditions>
                <condition number="52" type="jump" coverage="100%" />
              </conditions>
            </line>
            <line number="116" hits="0" branch="False" />
            <line number="118" hits="13" branch="False" />
            <line number="121" hits="13" branch="False" />
            <line number="122" hits="25" branch="True" condition-coverage="50% (2/4)">
              <conditions>
                <condition number="7" type="jump" coverage="50%" />
                <condition number="15" type="jump" coverage="50%" />
              </conditions>
            </line>
            <line number="123" hits="25" branch="False" />
            <line number="124" hits="13" branch="False" />
            <line number="126" hits="89" branch="True" condition-coverage="100% (2/2)">
              <conditions>
                <condition number="324" type="jump" coverage="100%" />
              </conditions>
            </line>
            <line number="127" hits="25" branch="False" />
            <line number="128" hits="25" branch="False" />
            <line number="131" hits="25" branch="True" condition-coverage="100% (4/4)">
              <conditions>
                <condition number="170" type="jump" coverage="100%" />
                <condition number="186" type="jump" coverage="100%" />
              </conditions>
            </line>
            <line number="132" hits="3" branch="False" />
            <line number="133" hits="3" branch="False" />
            <line number="134" hits="3" branch="True" condition-coverage="100% (2/2)">
              <conditions>
                <condition number="213" type="jump" coverage="100%" />
              </conditions>
            </line>
            <line number="135" hits="1" branch="False" />
            <line number="136" hits="1" branch="False" />
            <line number="137" hits="1" branch="False" />
            <line number="138" hits="3" branch="False" />
            <line number="141" hits="25" branch="True" condition-coverage="100% (2/2)">
              <conditions>
                <condition number="250" type="jump" coverage="100%" />
              </conditions>
            </line>
            <line number="142" hits="1" branch="False" />
            <line number="143" hits="1" branch="False" />
            <line number="144" hits="1" branch="False" />
            <line number="147" hits="25" branch="True" condition-coverage="100% (4/4)">
              <conditions>
                <condition number="272" type="jump" coverage="100%" />
                <condition number="286" type="jump" coverage="100%" />
              </conditions>
            </line>
            <line number="148" hits="4" branch="False" />
            <line number="149" hits="4" branch="True" condition-coverage="100% (2/2)">
              <conditions>
                <condition number="302" type="jump" coverage="100%" />
              </conditions>
            </line>
            <line number="150" hits="2" branch="False" />
            <line number="151" hits="2" branch="False" />
            <line number="152" hits="2" branch="False" />
            <line number="153" hits="4" branch="False" />
            <line number="154" hits="25" branch="False" />
            <line number="155" hits="13" branch="False" />
            <line number="157" hits="9" branch="False" />
            <line number="158" hits="9" branch="False" />
            <line number="161" hits="77" branch="False" />
            <line number="162" hits="77" branch="False" />
            <line number="165" hits="77" branch="True" condition-coverage="100% (2/2)">
              <conditions>
                <condition number="15" type="jump" coverage="100%" />
              </conditions>
            </line>
            <line number="166" hits="63" branch="False" />
            <line number="169" hits="14" branch="True" condition-coverage="50% (1/2)">
              <conditions>
                <condition number="36" type="jump" coverage="50%" />
              </conditions>
            </line>
            <line number="170" hits="0" branch="False" />
            <line number="173" hits="14" branch="True" condition-coverage="100% (2/2)">
              <conditions>
                <condition number="55" type="jump" coverage="100%" />
              </conditions>
            </line>
            <line number="174" hits="1" branch="False" />
            <line number="177" hits="13" branch="True" condition-coverage="100% (2/2)">
              <conditions>
                <condition number="74" type="jump" coverage="100%" />
              </conditions>
            </line>
            <line number="178" hits="2" branch="False" />
            <line number="181" hits="11" branch="True" condition-coverage="100% (2/2)">
              <conditions>
                <condition number="92" type="jump" coverage="100%" />
              </conditions>
            </line>
            <line number="182" hits="2" branch="False" />
            <line number="185" hits="9" branch="True" condition-coverage="50% (1/2)">
              <conditions>
                <condition number="111" type="jump" coverage="50%" />
              </conditions>
            </line>
            <line number="186" hits="0" branch="False" />
            <line number="189" hits="9" branch="True" condition-coverage="50% (1/2)">
              <conditions>
                <condition number="132" type="jump" coverage="50%" />
              </conditions>
            </line>
            <line number="190" hits="9" branch="False" />
            <line number="192" hits="9" branch="True" condition-coverage="50% (1/2)">
              <conditions>
                <condition number="145" type="jump" coverage="50%" />
              </conditions>
            </line>
            <line number="193" hits="0" branch="False" />
            <line number="195" hits="9" branch="False" />
            <line number="196" hits="9" branch="False" />
            <line number="199" hits="0" branch="False" />
            <line number="200" hits="77" branch="False" />
            <line number="203" hits="9" branch="False" />
            <line number="204" hits="9" branch="True" condition-coverage="50% (1/2)">
              <conditions>
                <condition number="8" type="jump" coverage="50%" />
              </conditions>
            </line>
            <line number="205" hits="9" branch="False" />
            <line number="206" hits="9" branch="False" />
            <line number="208" hits="9" branch="False" />
            <line number="209" hits="9" branch="False" />
            <line number="210" hits="9" branch="False" />
            <line number="211" hits="9" branch="False" />
            <line number="212" hits="9" branch="False" />
            <line number="213" hits="9" branch="False" />
            <line number="214" hits="9" branch="False" />
            <line number="215" hits="9" branch="False" />
            <line number="217" hits="9" branch="True" condition-coverage="100% (2/2)">
              <conditions>
                <condition number="127" type="jump" coverage="100%" />
              </conditions>
            </line>
            <line number="218" hits="9" branch="False" />
            <line number="219" hits="9" branch="False" />
            <line number="220" hits="9" branch="False" />
            <line number="221" hits="9" branch="False" />
            <line number="224" hits="9" branch="False" />
            <line number="225" hits="9" branch="False" />
            <line number="228" hits="9" branch="False" />
            <line number="229" hits="9" branch="False" />
            <line number="230" hits="9" branch="False" />
            <line number="231" hits="9" branch="False" />
            <line number="232" hits="9" branch="False" />
            <line number="234" hits="47" branch="True" condition-coverage="100% (2/2)">
              <conditions>
                <condition number="390" type="jump" coverage="100%" />
              </conditions>
            </line>
[...]
            <line number="39" hits="12" branch="False" />
            <line number="40" hits="12" branch="True" condition-coverage="50% (1/2)">
              <conditions>
                <condition number="77" type="jump" coverage="50%" />
              </conditions>
            </line>
            <line number="41" hits="0" branch="False" />
            <line number="43" hits="12" branch="False" />
            <line number="44" hits="13" branch="True" condition-coverage="100% (2/2)">
              <conditions>
                <condition number="170" type="jump" coverage="100%" />
              </conditions>
            </line>
            <line number="45" hits="12" branch="False" />
            <line number="46" hits="12" branch="True" condition-coverage="83.33% (5/6)">
              <conditions>
                <condition number="110" type="jump" coverage="100%" />
                <condition number="119" type="jump" coverage="50%" />
                <condition number="147" type="jump" coverage="100%" />
              </conditions>
            </line>
            <line number="47" hits="11" branch="False" />
            <line number="48" hits="1" branch="False" />
            <line number="49" hits="1" branch="False" />
            <line number="51" hits="1" branch="False" />
            <line number="52" hits="57" branch="False" />
            <line number="55" hits="13" branch="False" />
            <line number="56" hits="13" branch="True" condition-coverage="100% (2/2)">
              <conditions>
                <condition number="10" type="jump" coverage="100%" />
              </conditions>
            </line>
            <line number="57" hits="2" branch="False" />
            <line number="59" hits="55" branch="True" condition-coverage="100% (2/2)">
              <conditions>
                <condition number="991" type="jump" coverage="100%" />
              </conditions>
            </line>
            <line number="60" hits="11" branch="False" />
            <line number="61" hits="11" branch="False" />
            <line number="62" hits="11" branch="False" />
            <line number="63" hits="11" branch="True" condition-coverage="100% (2/2)">
              <conditions>
                <condition number="82" type="jump" coverage="100%" />
              </conditions>
            </line>
            <line number="64" hits="0" branch="False" />
            <line number="67" hits="11" branch="False" />
            <line number="68" hits="11" branch="False" />
            <line number="70" hits="91" branch="True" condition-coverage="100% (2/2)">
              <conditions>
                <condition number="907" type="jump" coverage="100%" />
              </conditions>
            </line>
            <line number="71" hits="29" branch="False" />
            <line number="72" hits="29" branch="False" />
            <line number="73" hits="45" branch="True" condition-coverage="50% (3/6)">
              <conditions>
                <condition number="7" type="jump" coverage="50%" />
                <condition number="28" type="jump" coverage="50%" />
                <condition number="42" type="jump" coverage="50%" />
              </conditions>
            </line>
            <line number="74" hits="45" branch="False" />
            <line number="76" hits="29" branch="True" condition-coverage="100% (2/2)">
              <conditions>
                <condition number="196" type="jump" coverage="100%" />
              </conditions>
            </line>
            <line number="77" hits="13" branch="False" />
            <line number="80" hits="16" branch="True" condition-coverage="100% (2/2)">
              <conditions>
                <condition number="226" type="jump" coverage="100%" />
              </conditions>
            </line>
            <line number="81" hits="0" branch="False" />
            <line number="83" hits="16" branch="False" />
            <line number="84" hits="16" branch="True" condition-coverage="100% (2/2)">
              <conditions>
                <condition number="270" type="jump" coverage="100%" />
              </conditions>
            </line>
            <line number="85" hits="0" branch="False" />
            <line number="87" hits="16" branch="False" />
            <line number="90" hits="16" branch="False" />
            <line number="91" hits="16" branch="True" condition-coverage="100% (2/2)">
              <conditions>
                <condition number="313" type="jump" coverage="100%" />
              </conditions>
            </line>
            <line number="92" hits="4" branch="False" />
            <line number="93" hits="4" branch="False" />
            <line number="94" hits="4" branch="True" condition-coverage="100% (2/2)">
              <conditions>
                <condition number="353" type="jump" coverage="100%" />
              </conditions>
            </line>
            <line number="95" hits="4" branch="False" />
            <line number="96" hits="4" branch="False" />
            <line number="99" hits="16" branch="True" condition-coverage="100% (2/2)">
              <conditions>
                <condition number="381" type="jump" coverage="100%" />
              </conditions>
            </line>
            <line number="100" hits="1" branch="False" />
            <line number="101" hits="1" branch="False" />
            <line number="102" hits="1" branch="False" />
            <line number="103" hits="1" branch="False" />
            <line number="104" hits="1" branch="False" />
            <line number="105" hits="1" branch="False" />
            <line number="106" hits="1" branch="False" />
            <line number="107" hits="1" branch="False" />
            <line number="108" hits="1" branch="False" />
            <line number="109" hits="1" branch="False" />
            <line number="110" hits="1" branch="False" />
            <line number="114" hits="15" branch="True" condition-coverage="100% (2/2)">
              <conditions>
                <condition number="495" type="jump" coverage="100%" />
              </conditions>
            </line>
            <line number="115" hits="1" branch="False" />
            <line number="116" hits="1" branch="False" />
            <line number="117" hits="1" branch="False" />
            <line number="118" hits="1" branch="False" />
            <line number="119" hits="1" branch="False" />
            <line number="120" hits="1" branch="False" />
            <line number="121" hits="1" branch="False" />
            <line number="122" hits="1" branch="False" />
            <line number="123" hits="1" branch="False" />
            <line number="124" hits="1" branch="False" />
            <line number="125" hits="1" branch="False" />
            <line number="128" hits="14" branch="True" condition-coverage="100% (2/2)">
              <conditions>
                <condition number="601" type="jump" coverage="100%" />
              </conditions>
            </line>
            <line number="129" hits="14" branch="False" />
            <line number="130" hits="14" branch="True" condition-coverage="100% (2/2)">
              <conditions>
                <condition number="656" type="jump" coverage="100%" />
              </conditions>
            </line>
            <line number="131" hits="14" branch="False" />
            <line number="132" hits="14" branch="False" />
            <line number="134" hits="14" branch="True" condition-coverage="100% (6/6)">
              <conditions>
                <condition number="688" type="jump" coverage="100%" />
                <condition number="701" type="jump" coverage="100%" />
                <condition number="729" type="jump" coverage="100%" />
              </conditions>
            </line>
            <line number="135" hits="3" branch="False" />
            <line number="136" hits="3" branch="False" />
            <line number="137" hits="3" branch="False" />
            <line number="138" hits="3" branch="False" />
            <line number="139" hits="11" branch="True" condition-coverage="100% (4/4)">
              <conditions>
                <condition number="759" type="jump" coverage="100%" />
                <condition number="781" type="jump" coverage="100%" />
              </conditions>
            </line>
            <line number="140" hits="3" branch="False" />
            <line number="141" hits="3" branch="False" />
            <line number="142" hits="3" branch="False" />
            <line number="143" hits="3" branch="False" />
            <line number="145" hits="14" branch="True" condition-coverage="100% (4/4)">
              <conditions>
                <condition number="834" type="jump" coverage="100%" />
                <condition number="856" type="jump" coverage="100%" />
              </conditions>
            </line>
            <line number="146" hits="14" branch="False" />
            <line number="147" hits="14" branch="False" />
            <line number="148" hits="14" branch="False" />
            <line number="149" hits="14" branch="False" />
            <line number="150" hits="14" branch="False" />
            <line number="151" hits="14" branch="False" />
            <line number="152" hits="14" branch="False" />
            <line number="153" hits="14" branch="False" />
            <line number="154" hits="14" branch="False" />
            <line number="155" hits="14" branch="False" />
            <line number="157" hits="11" branch="True" condition-coverage="100% (2/2)">
              <conditions>
                <condition number="941" type="jump" coverage="100%" />
              </conditions>
            </line>
            <line number="158" hits="9" branch="False" />
            <line number="159" hits="9" branch="False" />
            <line number="160" hits="9" branch="False" />
            <line number="161" hits="9" branch="False" />
            <line number="162" hits="11" branch="False" />
            <line number="163" hits="13" branch="False" />
            <line number="166" hits="9" branch="False" />
            <line number="167" hits="9" branch="True" condition-coverage="50% (1/2)">
              <conditions>
                <condition number="8" type="jump" coverage="50%" />
              </conditions>
            </line>
            <line number="168" hits="9" branch="False" />
            <line number="170" hits="9" branch="False" />
            <line number="171" hits="9" branch="False" />
            <line number="172" hits="9" branch="False" />
            <line number="173" hits="9" branch="False" />
            <line number="174" hits="9" branch="False" />
            <line number="175" hits="9" branch="False" />
            <line number="176" hits="9" branch="False" />
            <line number="178" hits="9" branch="True" condition-coverage="100% (2/2)">
              <conditions>
                <condition number="107" type="jump" coverage="100%" />
              </conditions>
            </line>
            <line number="179" hits="9" branch="False" />
            <line number="180" hits="9" branch="False" />
            <line number="181" hits="9" branch="False" />
            <line number="182" hits="9" branch="False" />
            <line number="184" hits="9" branch="False" />
            <line number="185" hits="9" branch="False" />
            <line number="186" hits="9" branch="False" />
            <line number="187" hits="9" branch="False" />
            <line number="188" hits="9" branch="False" />
            <line number="189" hits="9" branch="False" />
            <line number="191" hits="69" branch="True" condition-coverage="100% (2/2)">
              <conditions>
                <condition number="721" type="jump" coverage="100%" />
              </conditions>
            </line>
            <line number="192" hits="14" branch="False" />
            <line number="193" hits="14" branch="False" />
            <line number="194" hits="14" branch="False" />
            <line number="196" hits="14" branch="True" condition-coverage="100% (2/2)">
              <conditions>
                <condition number="334" type="jump" coverage="100%" />
              </conditions>
            </line>
            <line number="197" hits="10" branch="False" />
            <line number="198" hits="10" branch="False" />
            <line number="199" hits="10" branch="False" />
            <line number="201" hits="14" branch="True" condition-coverage="100% (2/2)">
              <conditions>
                <condition number="378" type="jump" coverage="100%" />
              </conditions>
            </line>
            <line number="202" hits="5" branch="False" />
            <line number="203" hits="5" branch="True" condition-coverage="50% (1/2)">
              <conditions>
                <condition number="388" type="jump" coverage="50%" />
              </conditions>
            </line>
            <line number="204" hits="5" branch="False" />
            <line number="205" hits="5" branch="False" />
            <line number="207" hits="9" branch="False" />
            <line number="208" hits="9" branch="True" condition-coverage="100% (2/2)">
              <conditions>
                <condition number="479" type="jump" coverage="100%" />
              </conditions>
            </line>
            <line number="209" hits="3" branch="False" />
            <line number="210" hits="3" branch="True" condition-coverage="50% (1/2)">
              <conditions>
                <condition number="489" type="jump" coverage="50%" />
              </conditions>
            </line>
            <line number="211" hits="3" branch="False" />
            <line number="212" hits="3" branch="False" />
            <line number="213" hits="3" branch="False" />
            <line number="214" hits="3" branch="False" />
            <line number="216" hits="6" branch="False" />
            <line number="217" hits="6" branch="True" condition-coverage="100% (2/2)">
              <conditions>
                <condition number="614" type="jump" coverage="100%" />
              </conditions>
            </line>
            <line number="218" hits="6" branch="False" />
            <line number="219" hits="6" branch="False" />
            <line number="220" hits="9" branch="False" />
            <line number="222" hits="14" branch="False" />
            <line number="223" hits="14" branch="False" />
            <line number="224" hits="14" branch="False" />
            <line number="226" hits="9" branch="False" />
            <line number="227" hits="9" branch="False" />
            <line number="228" hits="9" branch="False" />
            <line number="229" hits="9" branch="False" />
            <line number="230" hits="9" branch="False" />
            <line number="233" hits="51" branch="True" condition-coverage="100% (2/2)">
              <conditions>
                <condition number="1290" type="jump" coverage="100%" />
              </conditions>
            </line>
            <line number="234" hits="5" branch="False" />
            <line number="235" hits="5" branch="False" />
            <line number="236" hits="5" branch="True" condition-coverage="50% (1/2)">
              <conditions>
                <condition number="875" type="jump" coverage="50%" />
              </conditions>
            </line>
            <line number="237" hits="5" branch="True" condition-coverage="50% (1/2)">
              <conditions>
                <condition number="910" type="jump" coverage="50%" />
              </conditions>
            </line>
            <line number="238" hits="5" branch="False" />
            <line number="239" hits="5" branch="False" />
            <line number="240" hits="5" branch="False" />
            <line number="241" hits="5" branch="False" />
            <line number="243" hits="5" branch="True" condition-coverage="100% (2/2)">
              <conditions>
                <condition number="1030" type="jump" coverage="100%" />
              </conditions>
            </line>
            <line number="244" hits="3" branch="False" />
            <line number="245" hits="3" branch="False" />
            <line number="246" hits="3" branch="False" />
            <line number="247" hits="3" branch="False" />
            <line number="248" hits="3" branch="False" />
            <line number="250" hits="2" branch="False" />
            <line number="251" hits="2" branch="False" />
            <line number="252" hits="2" branch="False" />
            <line number="254" hits="5" branch="False" />
            <line number="255" hits="5" branch="False" />
            <line number="256" hits="5" branch="False" />
            <line number="257" hits="5" branch="False" />
            <line number="258" hits="5" branch="False" />
            <line number="259" hits="5" branch="False" />
            <line number="260" hits="5" branch="False" />
            <line number="262" hits="9" branch="False" />
            <line number="264" hits="9" branch="True" condition-coverage="100% (2/2)">
              <conditions>
                <condition number="1335" type="jump" coverage="100%" />
              </conditions>
            </line>
            <line number="265" hits="9" branch="False" />
            <line number="266" hits="9" branch="False" />
            <line number="267" hits="9" branch="False" />
            <line number="269" hits="9" branch="False" />
            <line number="270" hits="9" branch="False" />
          </lines>
        </class>
        <class name="FrameWork.NetWork.SourceGenerators.RpcSourceGenerator/RpcMethodInfo" filename="RpcSourceGenerator.cs" line-rate="1" branch-rate="1" complexity="7">
          <methods>
            <method name="get_MethodName" signature="()" line-rate="1" branch-rate="1" complexity="1">
              <lines>
                <line number="274" hits="38" branch="False" />
              </lines>
            </method>
            <method name="get_Opcode" signature="()" line-rate="1" branch-rate="1" complexity="1">
              <lines>
                <line number="275" hits="47" branch="False" />
              </lines>
            </method>
            <method name="get_ResponseOpcode" signature="()" line-rate="1" branch-rate="1" complexity="1">
              <lines>
                <line number="276" hits="20" branch="False" />
              </lines>
            </method>
            <method name="get_RequestType" signature="()" line-rate="1" branch-rate="1" complexity="1">
              <lines>
                <line number="277" hits="67" branch="False" />
              </lines>
            </method>
            <method name="get_ResponseType" signature="()" line-rate="1" branch-rate="1" complexity="1">
              <lines>
                <line number="278" hits="14" branch="False" />
              </lines>
            </method>
            <method name="get_HasResponse" signature="()" line-rate="1" branch-rate="1" complexity="1">
              <lines>
                <line number="279" hits="28" branch="False" />
              </lines>
            </method>
            <method name="get_IsAsync" signature="()" line-rate="1" branch-rate="1" complexity="1">
              <lines>
                <line number="280" hits="42" branch="False" />
              </lines>
            </method>
          </methods>
          <lines>
            <line number="274" hits="38" branch="False" />
            <line number="275" hits="47" branch="False" />
            <line number="276" hits="20" branch="False" />
            <line number="277" hits="67" branch="False" />
            <line number="278" hits="14" branch="False" />
            <line number="279" hits="28" branch="False" />
            <line number="280" hits="42" branch="False" />
          </lines>
        </class>
      </classes>
    </package>
  </packages>
</coverage>